Using pre-set license
Built from '2022.3/staging' branch; Version is '2022.3.14f1 (eff2de9070d8) revision 15725278'; Using compiler version '192829333'; Build Type 'Release'
OS: 'Windows 11  (10.0.22631) 64bit Core' Language: 'fr' Physical Memory: 15741 MB
BatchMode: 1, IsHumanControllingUs: 0, StartBugReporterOnCrash: 0, Is64bit: 1, IsPro: 1

COMMAND LINE ARGUMENTS:
C:\Program Files\Unity\Hub\Editor\2022.3.14f1\Editor\Unity.exe
-adb2
-batchMode
-noUpm
-name
AssetImportWorker1
-projectPath
C:/Users/Nico/Documents/EcoleInge/PO C#/Projet Crossy Road/ProjetCrossyRoad/Code
-logFile
Logs/AssetImportWorker1.log
-srvPort
53358
Successfully changed project path to: C:/Users/Nico/Documents/EcoleInge/PO C#/Projet Crossy Road/ProjetCrossyRoad/Code
C:/Users/Nico/Documents/EcoleInge/PO C#/Projet Crossy Road/ProjetCrossyRoad/Code
[UnityMemory] Configuration Parameters - Can be set up in boot.config
    "memorysetup-bucket-allocator-granularity=16"
    "memorysetup-bucket-allocator-bucket-count=8"
    "memorysetup-bucket-allocator-block-size=33554432"
    "memorysetup-bucket-allocator-block-count=8"
    "memorysetup-main-allocator-block-size=16777216"
    "memorysetup-thread-allocator-block-size=16777216"
    "memorysetup-gfx-main-allocator-block-size=16777216"
    "memorysetup-gfx-thread-allocator-block-size=16777216"
    "memorysetup-cache-allocator-block-size=4194304"
    "memorysetup-typetree-allocator-block-size=2097152"
    "memorysetup-profiler-bucket-allocator-granularity=16"
    "memorysetup-profiler-bucket-allocator-bucket-count=8"
    "memorysetup-profiler-bucket-allocator-block-size=33554432"
    "memorysetup-profiler-bucket-allocator-block-count=8"
    "memorysetup-profiler-allocator-block-size=16777216"
    "memorysetup-profiler-editor-allocator-block-size=1048576"
    "memorysetup-temp-allocator-size-main=16777216"
    "memorysetup-job-temp-allocator-block-size=2097152"
    "memorysetup-job-temp-allocator-block-size-background=1048576"
    "memorysetup-job-temp-allocator-reduction-small-platforms=262144"
    "memorysetup-allocator-temp-initial-block-size-main=262144"
    "memorysetup-allocator-temp-initial-block-size-worker=262144"
    "memorysetup-temp-allocator-size-background-worker=32768"
    "memorysetup-temp-allocator-size-job-worker=262144"
    "memorysetup-temp-allocator-size-preload-manager=33554432"
    "memorysetup-temp-allocator-size-nav-mesh-worker=65536"
    "memorysetup-temp-allocator-size-audio-worker=65536"
    "memorysetup-temp-allocator-size-cloud-worker=32768"
    "memorysetup-temp-allocator-size-gi-baking-worker=262144"
    "memorysetup-temp-allocator-size-gfx=262144"
Player connection [20436] Host "[IP] 192.168.56.1 [Port] 0 [Flags] 2 [Guid] 2939444626 [EditorId] 2939444626 [Version] 1048832 [Id] WindowsEditor(7,MarseilleLove) [Debug] 1 [PackageName] WindowsEditor [ProjectName] Editor" joined multi-casting on [225.0.0.222:54997]...

Player connection [20436] Host "[IP] 192.168.56.1 [Port] 0 [Flags] 2 [Guid] 2939444626 [EditorId] 2939444626 [Version] 1048832 [Id] WindowsEditor(7,MarseilleLove) [Debug] 1 [PackageName] WindowsEditor [ProjectName] Editor" joined alternative multi-casting on [225.0.0.222:34997]...

[Physics::Module] Initialized MultithreadedJobDispatcher with 11 workers.
Refreshing native plugins compatible for Editor in 10.11 ms, found 3 plugins.
Preloading 0 native plugins for Editor in 0.00 ms.
Initialize engine version: 2022.3.14f1 (eff2de9070d8)
[Subsystems] Discovering subsystems at path C:/Program Files/Unity/Hub/Editor/2022.3.14f1/Editor/Data/Resources/UnitySubsystems
[Subsystems] Discovering subsystems at path C:/Users/Nico/Documents/EcoleInge/PO C#/Projet Crossy Road/ProjetCrossyRoad/Code/Assets
GfxDevice: creating device client; threaded=0; jobified=0
Direct3D:
    Version:  Direct3D 11.0 [level 11.1]
    Renderer: NVIDIA GeForce GTX 1650 (ID=0x1f99)
    Vendor:   NVIDIA
    VRAM:     3962 MB
    Driver:   31.0.15.2225
Initialize mono
Mono path[0] = 'C:/Program Files/Unity/Hub/Editor/2022.3.14f1/Editor/Data/Managed'
Mono path[1] = 'C:/Program Files/Unity/Hub/Editor/2022.3.14f1/Editor/Data/MonoBleedingEdge/lib/mono/unityjit-win32'
Mono config path = 'C:/Program Files/Unity/Hub/Editor/2022.3.14f1/Editor/Data/MonoBleedingEdge/etc'
Using monoOptions --debugger-agent=transport=dt_socket,embedding=1,server=y,suspend=n,address=127.0.0.1:56420
Begin MonoManager ReloadAssembly
Registering precompiled unity dll's ...
Register platform support module: C:/Program Files/Unity/Hub/Editor/2022.3.14f1/Editor/Data/PlaybackEngines/WebGLSupport/UnityEditor.WebGL.Extensions.dll
Register platform support module: C:/Program Files/Unity/Hub/Editor/2022.3.14f1/Editor/Data/PlaybackEngines/WindowsStandaloneSupport/UnityEditor.WindowsStandalone.Extensions.dll
Registered in 0.013844 seconds.
- Loaded All Assemblies, in  0.461 seconds
Native extension for WindowsStandalone target not found
Native extension for WebGL target not found
Mono: successfully reloaded assembly
- Finished resetting the current domain, in  0.304 seconds
Domain Reload Profiling: 762ms
	BeginReloadAssembly (145ms)
		ExecutionOrderSort (0ms)
		DisableScriptedObjects (0ms)
		BackupInstance (0ms)
		ReleaseScriptingObjects (0ms)
		CreateAndSetChildDomain (1ms)
	RebuildCommonClasses (41ms)
	RebuildNativeTypeToScriptingClass (16ms)
	initialDomainReloadingComplete (83ms)
	LoadAllAssembliesAndSetupDomain (172ms)
		LoadAssemblies (142ms)
		RebuildTransferFunctionScriptingTraits (0ms)
		AnalyzeDomain (169ms)
			TypeCache.Refresh (167ms)
				TypeCache.ScanAssembly (154ms)
			ScanForSourceGeneratedMonoScriptInfo (0ms)
			ResolveRequiredComponents (1ms)
	FinalizeReload (305ms)
		ReleaseScriptCaches (0ms)
		RebuildScriptCaches (0ms)
		SetupLoadedEditorAssemblies (236ms)
			LogAssemblyErrors (0ms)
			InitializePlatformSupportModulesInManaged (13ms)
			SetLoadedEditorAssemblies (7ms)
			RefreshPlugins (0ms)
			BeforeProcessingInitializeOnLoad (2ms)
			ProcessInitializeOnLoadAttributes (161ms)
			ProcessInitializeOnLoadMethodAttributes (52ms)
			AfterProcessingInitializeOnLoad (0ms)
			EditorAssembliesLoaded (0ms)
		ExecutionOrderSort2 (0ms)
		AwakeInstancesAfterBackupRestoration (0ms)
========================================================================
Worker process is ready to serve import requests
Begin MonoManager ReloadAssembly
- Loaded All Assemblies, in  0.912 seconds
Refreshing native plugins compatible for Editor in 5.56 ms, found 3 plugins.
Native extension for WindowsStandalone target not found
Native extension for WebGL target not found
Package Manager log level set to [2]
[Package Manager] Server::EnsureServerProcessIsRunning -- launch failed, reason: Unity was launched with the -noUpm command-line argument
[Package Manager] UpmClient::Send -- Unable to send message (not connected to UPM process).
[Package Manager] Cannot connect to Unity Package Manager local server
Mono: successfully reloaded assembly
- Finished resetting the current domain, in  0.948 seconds
Domain Reload Profiling: 1855ms
	BeginReloadAssembly (207ms)
		ExecutionOrderSort (0ms)
		DisableScriptedObjects (9ms)
		BackupInstance (0ms)
		ReleaseScriptingObjects (0ms)
		CreateAndSetChildDomain (32ms)
	RebuildCommonClasses (44ms)
	RebuildNativeTypeToScriptingClass (15ms)
	initialDomainReloadingComplete (61ms)
	LoadAllAssembliesAndSetupDomain (579ms)
		LoadAssemblies (467ms)
		RebuildTransferFunctionScriptingTraits (0ms)
		AnalyzeDomain (230ms)
			TypeCache.Refresh (205ms)
				TypeCache.ScanAssembly (190ms)
			ScanForSourceGeneratedMonoScriptInfo (16ms)
			ResolveRequiredComponents (6ms)
	FinalizeReload (949ms)
		ReleaseScriptCaches (0ms)
		RebuildScriptCaches (0ms)
		SetupLoadedEditorAssemblies (758ms)
			LogAssemblyErrors (0ms)
			InitializePlatformSupportModulesInManaged (12ms)
			SetLoadedEditorAssemblies (4ms)
			RefreshPlugins (0ms)
			BeforeProcessingInitializeOnLoad (73ms)
			ProcessInitializeOnLoadAttributes (626ms)
			ProcessInitializeOnLoadMethodAttributes (34ms)
			AfterProcessingInitializeOnLoad (8ms)
			EditorAssembliesLoaded (0ms)
		ExecutionOrderSort2 (0ms)
		AwakeInstancesAfterBackupRestoration (8ms)
Launched and connected shader compiler UnityShaderCompiler.exe after 0.08 seconds
Refreshing native plugins compatible for Editor in 4.88 ms, found 3 plugins.
Preloading 0 native plugins for Editor in 0.00 ms.
Unloading 3113 Unused Serialized files (Serialized files now loaded: 0)
Unloading 32 unused Assets / (57.0 KB). Loaded Objects now: 3578.
Memory consumption went from 129.8 MB to 129.7 MB.
Total: 4.850700 ms (FindLiveObjects: 0.441700 ms CreateObjectMapping: 0.281600 ms MarkObjects: 3.941700 ms  DeleteObjects: 0.183200 ms)

AssetImportParameters requested are different than current active one (requested -> active):
  custom:container-demuxer-ogg: 62fdf1f143b41e24485cea50d1cbac27 -> 
  custom:video-codec-MediaFoundation-h265: 746d11721c4dcdbdad8f713fa42b33f4 -> 
  custom:video-decoder-ogg-theora: a1e56fd34408186e4bbccfd4996cb3dc -> 
  custom:framework-win-MediaFoundation: 216162199b28c13a410421893ffa2e32 -> 
  custom:CustomObjectIndexerAttribute: 756ad292c208cfabdd7b50bc23989ffe -> 
  custom:container-demuxer-webm: 4f35f7cbe854078d1ac9338744f61a02 -> 
  custom:container-muxer-webm: aa71ff27fc2769a1b78a27578f13a17b -> 
  custom:video-decoder-webm-vp8: 9c59270c3fd7afecdb556c50c9e8de78 -> 
  custom:SearchIndexIgnoredProperties: e643bd26f0fe6173181afceb89e7c659 -> 
  custom:AudioImporter_EditorPlatform: d09bf68614088b80899f8185d706f6e7 -> 
  custom:video-encoder-webm-vp8: eb34c28f22e8b96e1ab97ce403110664 -> 
  custom:audio-decoder-ogg-vorbis: bf7c407c2cedff20999df2af8eb42d56 -> 
  custom:audio-encoder-webm-vorbis: bf7c407c2cedff20999df2af8eb42d56 -> 
========================================================================
Received Import Request.
  Time since last request: 125670.655224 seconds.
  path: Assets/Low Poly Simple Urban City 3D Asset Pack/Models/Vehicles
  artifactKey: Guid(9ecd2b16cd83229449f0cab217d7d09a) Importer(815301076,1909f56bfc062723c751e8b465ee728b)
Start importing Assets/Low Poly Simple Urban City 3D Asset Pack/Models/Vehicles using Guid(9ecd2b16cd83229449f0cab217d7d09a) Importer(815301076,1909f56bfc062723c751e8b465ee728b)  -> (artifact id: '1960128fd9f87e835ccf8ccb9a960444') in 0.003475 seconds
Number of updated asset objects reloaded before import = 0
Number of asset objects unloaded after import = 0
========================================================================
Received Import Request.
  Time since last request: 0.000031 seconds.
  path: Assets/Low Poly Simple Urban City 3D Asset Pack/Models/Vehicles/Buses/Bus_3.fbx
  artifactKey: Guid(df119a4de540c7f4da2db1de0885f3e8) Importer(815301076,1909f56bfc062723c751e8b465ee728b)
Start importing Assets/Low Poly Simple Urban City 3D Asset Pack/Models/Vehicles/Buses/Bus_3.fbx using Guid(df119a4de540c7f4da2db1de0885f3e8) Importer(815301076,1909f56bfc062723c751e8b465ee728b)  -> (artifact id: 'b74b8c8115a78eaba8100ad1006b0f1e') in 0.185966 seconds
Number of updated asset objects reloaded before import = 0
Number of asset objects unloaded after import = 8
========================================================================
Received Import Request.
  Time since last request: 0.000052 seconds.
  path: Assets/Low Poly Simple Urban City 3D Asset Pack/Models/Vehicles/Buses
  artifactKey: Guid(c06a1d69cf6aa304da41d32cea783cbc) Importer(815301076,1909f56bfc062723c751e8b465ee728b)
Start importing Assets/Low Poly Simple Urban City 3D Asset Pack/Models/Vehicles/Buses using Guid(c06a1d69cf6aa304da41d32cea783cbc) Importer(815301076,1909f56bfc062723c751e8b465ee728b)  -> (artifact id: '0f46ccf3fd8bc0d803e61a8594735835') in 0.000917 seconds
Number of updated asset objects reloaded before import = 0
Number of asset objects unloaded after import = 0
========================================================================
Received Import Request.
  Time since last request: 0.000359 seconds.
  path: Assets/Low Poly Simple Urban City 3D Asset Pack/Models
  artifactKey: Guid(2ff670e02af6e144db96e6da6945b848) Importer(815301076,1909f56bfc062723c751e8b465ee728b)
Start importing Assets/Low Poly Simple Urban City 3D Asset Pack/Models using Guid(2ff670e02af6e144db96e6da6945b848) Importer(815301076,1909f56bfc062723c751e8b465ee728b)  -> (artifact id: '945d57a71348b5bf24a95820ff1efe7e') in 0.000793 seconds
Number of updated asset objects reloaded before import = 0
Number of asset objects unloaded after import = 0
========================================================================
Received Import Request.
  Time since last request: 3.105053 seconds.
  path: Assets/Low Poly Simple Urban City 3D Asset Pack/Models/Vehicles/Cars/Car_1_3.fbx
  artifactKey: Guid(6881d3df53d65c141a8c1d5ce0dbf93c) Importer(815301076,1909f56bfc062723c751e8b465ee728b)
Start importing Assets/Low Poly Simple Urban City 3D Asset Pack/Models/Vehicles/Cars/Car_1_3.fbx using Guid(6881d3df53d65c141a8c1d5ce0dbf93c) Importer(815301076,1909f56bfc062723c751e8b465ee728b)  -> (artifact id: 'b4f09682722198820e1c7977359269ed') in 0.028170 seconds
Number of updated asset objects reloaded before import = 0
Number of asset objects unloaded after import = 8
========================================================================
Received Import Request.
  Time since last request: 0.000025 seconds.
  path: Assets/Low Poly Simple Urban City 3D Asset Pack/Models/Vehicles/Cars/Car_3_1.fbx
  artifactKey: Guid(3d96142ff3be9344fadf194269659785) Importer(815301076,1909f56bfc062723c751e8b465ee728b)
Start importing Assets/Low Poly Simple Urban City 3D Asset Pack/Models/Vehicles/Cars/Car_3_1.fbx using Guid(3d96142ff3be9344fadf194269659785) Importer(815301076,1909f56bfc062723c751e8b465ee728b)  -> (artifact id: '51ad9d2f8c4fcd551985277ffe899327') in 0.031044 seconds
Number of updated asset objects reloaded before import = 0
Number of asset objects unloaded after import = 8
========================================================================
Received Import Request.
  Time since last request: 0.000024 seconds.
  path: Assets/Low Poly Simple Urban City 3D Asset Pack/Models/Vehicles/Cars/Car_3_2.fbx
  artifactKey: Guid(68199d01a2b63d245a3d7f2e85637814) Importer(815301076,1909f56bfc062723c751e8b465ee728b)
Start importing Assets/Low Poly Simple Urban City 3D Asset Pack/Models/Vehicles/Cars/Car_3_2.fbx using Guid(68199d01a2b63d245a3d7f2e85637814) Importer(815301076,1909f56bfc062723c751e8b465ee728b)  -> (artifact id: 'cb2bfd574b67ceaa562705773e90e41e') in 0.031537 seconds
Number of updated asset objects reloaded before import = 0
Number of asset objects unloaded after import = 8
========================================================================
Received Import Request.
  Time since last request: 0.000023 seconds.
  path: Assets/Low Poly Simple Urban City 3D Asset Pack/Models/Vehicles/Cars/Car_2_1.fbx
  artifactKey: Guid(5eac0803a389c9b48aaeedf9a9ac90a5) Importer(815301076,1909f56bfc062723c751e8b465ee728b)
Start importing Assets/Low Poly Simple Urban City 3D Asset Pack/Models/Vehicles/Cars/Car_2_1.fbx using Guid(5eac0803a389c9b48aaeedf9a9ac90a5) Importer(815301076,1909f56bfc062723c751e8b465ee728b)  -> (artifact id: '41bccda9053c6f01c8f8871a8f6eef04') in 0.035842 seconds
Number of updated asset objects reloaded before import = 0
Number of asset objects unloaded after import = 8
========================================================================
Received Import Request.
  Time since last request: 0.875583 seconds.
  path: Assets/Low Poly Simple Urban City 3D Asset Pack/Models/Vehicles/Emergency_Vehicles/Excavator.fbx
  artifactKey: Guid(df454551e0b824949b7e7f1fee38d1ed) Importer(815301076,1909f56bfc062723c751e8b465ee728b)
Start importing Assets/Low Poly Simple Urban City 3D Asset Pack/Models/Vehicles/Emergency_Vehicles/Excavator.fbx using Guid(df454551e0b824949b7e7f1fee38d1ed) Importer(815301076,1909f56bfc062723c751e8b465ee728b)  -> (artifact id: '1ef05e553862af907230554c54e38fc6') in 0.035788 seconds
Number of updated asset objects reloaded before import = 0
Number of asset objects unloaded after import = 8
========================================================================
Received Import Request.
  Time since last request: 0.000021 seconds.
  path: Assets/Low Poly Simple Urban City 3D Asset Pack/Models/Vehicles/Emergency_Vehicles/Police.fbx
  artifactKey: Guid(120217b2bf50e664b8bea0044346dc04) Importer(815301076,1909f56bfc062723c751e8b465ee728b)
Start importing Assets/Low Poly Simple Urban City 3D Asset Pack/Models/Vehicles/Emergency_Vehicles/Police.fbx using Guid(120217b2bf50e664b8bea0044346dc04) Importer(815301076,1909f56bfc062723c751e8b465ee728b)  -> (artifact id: '3f167318a526dc464861f02cfa592419') in 0.029380 seconds
Number of updated asset objects reloaded before import = 0
Number of asset objects unloaded after import = 8
========================================================================
Received Import Request.
  Time since last request: 157.505879 seconds.
  path: Assets/Low Poly Simple Urban City 3D Asset Pack/Prefabs/Vehicles/Buses/Bus_2.prefab
  artifactKey: Guid(cd139aa5bd62b5b458ece3376c0955ff) Importer(815301076,1909f56bfc062723c751e8b465ee728b)
Start importing Assets/Low Poly Simple Urban City 3D Asset Pack/Prefabs/Vehicles/Buses/Bus_2.prefab using Guid(cd139aa5bd62b5b458ece3376c0955ff) Importer(815301076,1909f56bfc062723c751e8b465ee728b)  -> (artifact id: '49a028bc0a83b5eef29fd6b63e1bcafd') in 0.002331 seconds
Number of updated asset objects reloaded before import = 0
Number of asset objects unloaded after import = 6
========================================================================
Received Import Request.
  Time since last request: 18.698485 seconds.
  path: Assets/Low Poly Simple Urban City 3D Asset Pack/Prefabs/Vehicles/Cars/Car_1_2.prefab
  artifactKey: Guid(fc9e91eb22879f84eac056473c581b5b) Importer(815301076,1909f56bfc062723c751e8b465ee728b)
Start importing Assets/Low Poly Simple Urban City 3D Asset Pack/Prefabs/Vehicles/Cars/Car_1_2.prefab using Guid(fc9e91eb22879f84eac056473c581b5b) Importer(815301076,1909f56bfc062723c751e8b465ee728b)  -> (artifact id: '29924d821805bedd8029ef82522a1923') in 0.002145 seconds
Number of updated asset objects reloaded before import = 0
Number of asset objects unloaded after import = 6
========================================================================
Received Import Request.
  Time since last request: 0.010727 seconds.
  path: Assets/Low Poly Simple Urban City 3D Asset Pack/Prefabs/Vehicles/Cars/Car_1_3.prefab
  artifactKey: Guid(8b8dfbf784f51fe488952ff9b6004d4a) Importer(815301076,1909f56bfc062723c751e8b465ee728b)
Start importing Assets/Low Poly Simple Urban City 3D Asset Pack/Prefabs/Vehicles/Cars/Car_1_3.prefab using Guid(8b8dfbf784f51fe488952ff9b6004d4a) Importer(815301076,1909f56bfc062723c751e8b465ee728b)  -> (artifact id: '6ef3c91ad279e00d9db5dc8caf75b080') in 0.002203 seconds
Number of updated asset objects reloaded before import = 0
Number of asset objects unloaded after import = 6
========================================================================
Received Import Request.
  Time since last request: 0.000026 seconds.
  path: Assets/Low Poly Simple Urban City 3D Asset Pack/Prefabs/Vehicles/Cars/Car_3_1.prefab
  artifactKey: Guid(e19078d0cac14bf47a4b41dd8b21442d) Importer(815301076,1909f56bfc062723c751e8b465ee728b)
Start importing Assets/Low Poly Simple Urban City 3D Asset Pack/Prefabs/Vehicles/Cars/Car_3_1.prefab using Guid(e19078d0cac14bf47a4b41dd8b21442d) Importer(815301076,1909f56bfc062723c751e8b465ee728b)  -> (artifact id: '5ad0ea25d5b1a8de68e7a1949564ae05') in 0.002054 seconds
Number of updated asset objects reloaded before import = 0
Number of asset objects unloaded after import = 6
========================================================================
Received Import Request.
  Time since last request: 0.000055 seconds.
  path: Assets/Low Poly Simple Urban City 3D Asset Pack/Prefabs/Vehicles/Cars/Car_2_3.prefab
  artifactKey: Guid(88de85f09c1e22846aea38938bc9fabf) Importer(815301076,1909f56bfc062723c751e8b465ee728b)
Start importing Assets/Low Poly Simple Urban City 3D Asset Pack/Prefabs/Vehicles/Cars/Car_2_3.prefab using Guid(88de85f09c1e22846aea38938bc9fabf) Importer(815301076,1909f56bfc062723c751e8b465ee728b)  -> (artifact id: '6d66a7d0ad3d58681ed245b5daee05d2') in 0.002795 seconds
Number of updated asset objects reloaded before import = 0
Number of asset objects unloaded after import = 6
Editor requested this worker to shutdown with reason: Scaling down because of idle timeout
TcpMessagingSession - receive error: operation aborted. errorcode: 995, details: L’opération d’entrée/sortie a été abandonnée en raison de l’arrêt d’un thread ou à la demande d’une application.
AssetImportWorker is now disconnected from the server
Process exiting
Exiting without the bug reporter. Application will terminate with return code 0