Using pre-set license
Built from '2022.3/staging' branch; Version is '2022.3.14f1 (eff2de9070d8) revision 15725278'; Using compiler version '192829333'; Build Type 'Release'
OS: 'Windows 11  (10.0.22631) 64bit Core' Language: 'fr' Physical Memory: 15741 MB
BatchMode: 1, IsHumanControllingUs: 0, StartBugReporterOnCrash: 0, Is64bit: 1, IsPro: 1

COMMAND LINE ARGUMENTS:
C:\Program Files\Unity\Hub\Editor\2022.3.14f1\Editor\Unity.exe
-adb2
-batchMode
-noUpm
-name
AssetImportWorker0
-projectPath
C:/Users/Nico/Documents/EcoleInge/PO C#/Projet Crossy Road/ProjetCrossyRoad/Code
-logFile
Logs/AssetImportWorker0.log
-srvPort
53358
Successfully changed project path to: C:/Users/Nico/Documents/EcoleInge/PO C#/Projet Crossy Road/ProjetCrossyRoad/Code
C:/Users/Nico/Documents/EcoleInge/PO C#/Projet Crossy Road/ProjetCrossyRoad/Code
[UnityMemory] Configuration Parameters - Can be set up in boot.config
    "memorysetup-bucket-allocator-granularity=16"
    "memorysetup-bucket-allocator-bucket-count=8"
    "memorysetup-bucket-allocator-block-size=33554432"
    "memorysetup-bucket-allocator-block-count=8"
    "memorysetup-main-allocator-block-size=16777216"
    "memorysetup-thread-allocator-block-size=16777216"
    "memorysetup-gfx-main-allocator-block-size=16777216"
    "memorysetup-gfx-thread-allocator-block-size=16777216"
    "memorysetup-cache-allocator-block-size=4194304"
    "memorysetup-typetree-allocator-block-size=2097152"
    "memorysetup-profiler-bucket-allocator-granularity=16"
    "memorysetup-profiler-bucket-allocator-bucket-count=8"
    "memorysetup-profiler-bucket-allocator-block-size=33554432"
    "memorysetup-profiler-bucket-allocator-block-count=8"
    "memorysetup-profiler-allocator-block-size=16777216"
    "memorysetup-profiler-editor-allocator-block-size=1048576"
    "memorysetup-temp-allocator-size-main=16777216"
    "memorysetup-job-temp-allocator-block-size=2097152"
    "memorysetup-job-temp-allocator-block-size-background=1048576"
    "memorysetup-job-temp-allocator-reduction-small-platforms=262144"
    "memorysetup-allocator-temp-initial-block-size-main=262144"
    "memorysetup-allocator-temp-initial-block-size-worker=262144"
    "memorysetup-temp-allocator-size-background-worker=32768"
    "memorysetup-temp-allocator-size-job-worker=262144"
    "memorysetup-temp-allocator-size-preload-manager=33554432"
    "memorysetup-temp-allocator-size-nav-mesh-worker=65536"
    "memorysetup-temp-allocator-size-audio-worker=65536"
    "memorysetup-temp-allocator-size-cloud-worker=32768"
    "memorysetup-temp-allocator-size-gi-baking-worker=262144"
    "memorysetup-temp-allocator-size-gfx=262144"
Player connection [23960] Host "[IP] 192.168.56.1 [Port] 0 [Flags] 2 [Guid] 3597138895 [EditorId] 3597138895 [Version] 1048832 [Id] WindowsEditor(7,MarseilleLove) [Debug] 1 [PackageName] WindowsEditor [ProjectName] Editor" joined multi-casting on [225.0.0.222:54997]...

Player connection [23960] Host "[IP] 192.168.56.1 [Port] 0 [Flags] 2 [Guid] 3597138895 [EditorId] 3597138895 [Version] 1048832 [Id] WindowsEditor(7,MarseilleLove) [Debug] 1 [PackageName] WindowsEditor [ProjectName] Editor" joined alternative multi-casting on [225.0.0.222:34997]...

[Physics::Module] Initialized MultithreadedJobDispatcher with 11 workers.
Refreshing native plugins compatible for Editor in 9.69 ms, found 3 plugins.
Preloading 0 native plugins for Editor in 0.00 ms.
Initialize engine version: 2022.3.14f1 (eff2de9070d8)
[Subsystems] Discovering subsystems at path C:/Program Files/Unity/Hub/Editor/2022.3.14f1/Editor/Data/Resources/UnitySubsystems
[Subsystems] Discovering subsystems at path C:/Users/Nico/Documents/EcoleInge/PO C#/Projet Crossy Road/ProjetCrossyRoad/Code/Assets
GfxDevice: creating device client; threaded=0; jobified=0
Direct3D:
    Version:  Direct3D 11.0 [level 11.1]
    Renderer: NVIDIA GeForce GTX 1650 (ID=0x1f99)
    Vendor:   NVIDIA
    VRAM:     3962 MB
    Driver:   31.0.15.2225
Initialize mono
Mono path[0] = 'C:/Program Files/Unity/Hub/Editor/2022.3.14f1/Editor/Data/Managed'
Mono path[1] = 'C:/Program Files/Unity/Hub/Editor/2022.3.14f1/Editor/Data/MonoBleedingEdge/lib/mono/unityjit-win32'
Mono config path = 'C:/Program Files/Unity/Hub/Editor/2022.3.14f1/Editor/Data/MonoBleedingEdge/etc'
Using monoOptions --debugger-agent=transport=dt_socket,embedding=1,server=y,suspend=n,address=127.0.0.1:56768
Begin MonoManager ReloadAssembly
Registering precompiled unity dll's ...
Register platform support module: C:/Program Files/Unity/Hub/Editor/2022.3.14f1/Editor/Data/PlaybackEngines/WebGLSupport/UnityEditor.WebGL.Extensions.dll
Register platform support module: C:/Program Files/Unity/Hub/Editor/2022.3.14f1/Editor/Data/PlaybackEngines/WindowsStandaloneSupport/UnityEditor.WindowsStandalone.Extensions.dll
Registered in 0.011164 seconds.
- Loaded All Assemblies, in  0.439 seconds
Native extension for WindowsStandalone target not found
Native extension for WebGL target not found
Mono: successfully reloaded assembly
- Finished resetting the current domain, in  0.299 seconds
Domain Reload Profiling: 737ms
	BeginReloadAssembly (132ms)
		ExecutionOrderSort (0ms)
		DisableScriptedObjects (0ms)
		BackupInstance (0ms)
		ReleaseScriptingObjects (0ms)
		CreateAndSetChildDomain (1ms)
	RebuildCommonClasses (45ms)
	RebuildNativeTypeToScriptingClass (13ms)
	initialDomainReloadingComplete (82ms)
	LoadAllAssembliesAndSetupDomain (165ms)
		LoadAssemblies (129ms)
		RebuildTransferFunctionScriptingTraits (0ms)
		AnalyzeDomain (163ms)
			TypeCache.Refresh (161ms)
				TypeCache.ScanAssembly (147ms)
			ScanForSourceGeneratedMonoScriptInfo (0ms)
			ResolveRequiredComponents (0ms)
	FinalizeReload (300ms)
		ReleaseScriptCaches (0ms)
		RebuildScriptCaches (0ms)
		SetupLoadedEditorAssemblies (232ms)
			LogAssemblyErrors (0ms)
			InitializePlatformSupportModulesInManaged (11ms)
			SetLoadedEditorAssemblies (8ms)
			RefreshPlugins (0ms)
			BeforeProcessingInitializeOnLoad (3ms)
			ProcessInitializeOnLoadAttributes (155ms)
			ProcessInitializeOnLoadMethodAttributes (55ms)
			AfterProcessingInitializeOnLoad (0ms)
			EditorAssembliesLoaded (0ms)
		ExecutionOrderSort2 (0ms)
		AwakeInstancesAfterBackupRestoration (0ms)
========================================================================
Worker process is ready to serve import requests
Begin MonoManager ReloadAssembly
- Loaded All Assemblies, in  0.912 seconds
Refreshing native plugins compatible for Editor in 4.32 ms, found 3 plugins.
Native extension for WindowsStandalone target not found
Native extension for WebGL target not found
Package Manager log level set to [2]
[Package Manager] Server::EnsureServerProcessIsRunning -- launch failed, reason: Unity was launched with the -noUpm command-line argument
[Package Manager] UpmClient::Send -- Unable to send message (not connected to UPM process).
[Package Manager] Cannot connect to Unity Package Manager local server
Mono: successfully reloaded assembly
- Finished resetting the current domain, in  0.956 seconds
Domain Reload Profiling: 1862ms
	BeginReloadAssembly (203ms)
		ExecutionOrderSort (0ms)
		DisableScriptedObjects (7ms)
		BackupInstance (0ms)
		ReleaseScriptingObjects (0ms)
		CreateAndSetChildDomain (33ms)
	RebuildCommonClasses (45ms)
	RebuildNativeTypeToScriptingClass (12ms)
	initialDomainReloadingComplete (63ms)
	LoadAllAssembliesAndSetupDomain (582ms)
		LoadAssemblies (460ms)
		RebuildTransferFunctionScriptingTraits (0ms)
		AnalyzeDomain (238ms)
			TypeCache.Refresh (210ms)
				TypeCache.ScanAssembly (192ms)
			ScanForSourceGeneratedMonoScriptInfo (21ms)
			ResolveRequiredComponents (4ms)
	FinalizeReload (957ms)
		ReleaseScriptCaches (0ms)
		RebuildScriptCaches (0ms)
		SetupLoadedEditorAssemblies (754ms)
			LogAssemblyErrors (0ms)
			InitializePlatformSupportModulesInManaged (11ms)
			SetLoadedEditorAssemblies (6ms)
			RefreshPlugins (0ms)
			BeforeProcessingInitializeOnLoad (73ms)
			ProcessInitializeOnLoadAttributes (625ms)
			ProcessInitializeOnLoadMethodAttributes (31ms)
			AfterProcessingInitializeOnLoad (9ms)
			EditorAssembliesLoaded (0ms)
		ExecutionOrderSort2 (0ms)
		AwakeInstancesAfterBackupRestoration (7ms)
Launched and connected shader compiler UnityShaderCompiler.exe after 0.08 seconds
Refreshing native plugins compatible for Editor in 4.78 ms, found 3 plugins.
Preloading 0 native plugins for Editor in 0.00 ms.
Unloading 3113 Unused Serialized files (Serialized files now loaded: 0)
Unloading 32 unused Assets / (57.0 KB). Loaded Objects now: 3578.
Memory consumption went from 129.8 MB to 129.7 MB.
Total: 4.849100 ms (FindLiveObjects: 0.395900 ms CreateObjectMapping: 0.248400 ms MarkObjects: 4.020400 ms  DeleteObjects: 0.182100 ms)

AssetImportParameters requested are different than current active one (requested -> active):
  custom:container-demuxer-ogg: 62fdf1f143b41e24485cea50d1cbac27 -> 
  custom:video-codec-MediaFoundation-h265: 746d11721c4dcdbdad8f713fa42b33f4 -> 
  custom:video-decoder-ogg-theora: a1e56fd34408186e4bbccfd4996cb3dc -> 
  custom:framework-win-MediaFoundation: 216162199b28c13a410421893ffa2e32 -> 
  custom:CustomObjectIndexerAttribute: 756ad292c208cfabdd7b50bc23989ffe -> 
  custom:container-demuxer-webm: 4f35f7cbe854078d1ac9338744f61a02 -> 
  custom:container-muxer-webm: aa71ff27fc2769a1b78a27578f13a17b -> 
  custom:video-decoder-webm-vp8: 9c59270c3fd7afecdb556c50c9e8de78 -> 
  custom:SearchIndexIgnoredProperties: e643bd26f0fe6173181afceb89e7c659 -> 
  custom:AudioImporter_EditorPlatform: d09bf68614088b80899f8185d706f6e7 -> 
  custom:video-encoder-webm-vp8: eb34c28f22e8b96e1ab97ce403110664 -> 
  custom:audio-decoder-ogg-vorbis: bf7c407c2cedff20999df2af8eb42d56 -> 
  custom:audio-encoder-webm-vorbis: bf7c407c2cedff20999df2af8eb42d56 -> 
========================================================================
Received Import Request.
  Time since last request: 125670.655998 seconds.
  path: Assets/Low Poly Simple Urban City 3D Asset Pack/Models/Vehicles/Buses/Bus_1.fbx
  artifactKey: Guid(df3ec3585d40b6a4883f1220a15cc57a) Importer(815301076,1909f56bfc062723c751e8b465ee728b)
Start importing Assets/Low Poly Simple Urban City 3D Asset Pack/Models/Vehicles/Buses/Bus_1.fbx using Guid(df3ec3585d40b6a4883f1220a15cc57a) Importer(815301076,1909f56bfc062723c751e8b465ee728b)  -> (artifact id: 'ac01d3ede4769bb134d5c62329075ab6') in 0.189872 seconds
Number of updated asset objects reloaded before import = 0
Number of asset objects unloaded after import = 8
========================================================================
Received Import Request.
  Time since last request: 0.000063 seconds.
  path: Assets/Low Poly Simple Urban City 3D Asset Pack/Models/Vehicles/Buses/Bus_2.fbx
  artifactKey: Guid(6ebdbc7cac790754eb5859de50c9aa82) Importer(815301076,1909f56bfc062723c751e8b465ee728b)
Start importing Assets/Low Poly Simple Urban City 3D Asset Pack/Models/Vehicles/Buses/Bus_2.fbx using Guid(6ebdbc7cac790754eb5859de50c9aa82) Importer(815301076,1909f56bfc062723c751e8b465ee728b)  -> (artifact id: '4d232e0bf14b668c16ab36735d4572fe') in 0.027743 seconds
Number of updated asset objects reloaded before import = 0
Number of asset objects unloaded after import = 8
========================================================================
Received Import Request.
  Time since last request: 3.079466 seconds.
  path: Assets/Low Poly Simple Urban City 3D Asset Pack/Models/Vehicles/Cars/Car_1_2.fbx
  artifactKey: Guid(51f1152715beffc479574be51b23d625) Importer(815301076,1909f56bfc062723c751e8b465ee728b)
Start importing Assets/Low Poly Simple Urban City 3D Asset Pack/Models/Vehicles/Cars/Car_1_2.fbx using Guid(51f1152715beffc479574be51b23d625) Importer(815301076,1909f56bfc062723c751e8b465ee728b)  -> (artifact id: '7e48dea32d123f1948128740e17651da') in 0.032186 seconds
Number of updated asset objects reloaded before import = 0
Number of asset objects unloaded after import = 8
========================================================================
Received Import Request.
  Time since last request: 0.000025 seconds.
  path: Assets/Low Poly Simple Urban City 3D Asset Pack/Models/Vehicles/Cars/Car_2_3.fbx
  artifactKey: Guid(9728311a5cd638b49b6ef0888d7a049b) Importer(815301076,1909f56bfc062723c751e8b465ee728b)
Start importing Assets/Low Poly Simple Urban City 3D Asset Pack/Models/Vehicles/Cars/Car_2_3.fbx using Guid(9728311a5cd638b49b6ef0888d7a049b) Importer(815301076,1909f56bfc062723c751e8b465ee728b)  -> (artifact id: '0f76f3ed4d9e2c5b9061999c738b7bd6') in 0.028931 seconds
Number of updated asset objects reloaded before import = 0
Number of asset objects unloaded after import = 8
========================================================================
Received Import Request.
  Time since last request: 0.000025 seconds.
  path: Assets/Low Poly Simple Urban City 3D Asset Pack/Models/Vehicles/Cars/Car_3_3.fbx
  artifactKey: Guid(3f7e3b45e3ed82e41935d2113100ee56) Importer(815301076,1909f56bfc062723c751e8b465ee728b)
Start importing Assets/Low Poly Simple Urban City 3D Asset Pack/Models/Vehicles/Cars/Car_3_3.fbx using Guid(3f7e3b45e3ed82e41935d2113100ee56) Importer(815301076,1909f56bfc062723c751e8b465ee728b)  -> (artifact id: '909a6f62fca1b851e462e398a882e593') in 0.026421 seconds
Number of updated asset objects reloaded before import = 0
Number of asset objects unloaded after import = 8
========================================================================
Received Import Request.
  Time since last request: 0.000027 seconds.
  path: Assets/Low Poly Simple Urban City 3D Asset Pack/Models/Vehicles/Cars/Car_2_2.fbx
  artifactKey: Guid(9576c5701b9355f48863af294eb28189) Importer(815301076,1909f56bfc062723c751e8b465ee728b)
Start importing Assets/Low Poly Simple Urban City 3D Asset Pack/Models/Vehicles/Cars/Car_2_2.fbx using Guid(9576c5701b9355f48863af294eb28189) Importer(815301076,1909f56bfc062723c751e8b465ee728b)  -> (artifact id: 'edc8d5316948a6a09600b6f1cbb82e37') in 0.031498 seconds
Number of updated asset objects reloaded before import = 0
Number of asset objects unloaded after import = 8
========================================================================
Received Import Request.
  Time since last request: 0.883907 seconds.
  path: Assets/Low Poly Simple Urban City 3D Asset Pack/Models/Vehicles/Emergency_Vehicles/Bulldozer.fbx
  artifactKey: Guid(07997abe73b69ea43959da38e7a8a1ef) Importer(815301076,1909f56bfc062723c751e8b465ee728b)
Start importing Assets/Low Poly Simple Urban City 3D Asset Pack/Models/Vehicles/Emergency_Vehicles/Bulldozer.fbx using Guid(07997abe73b69ea43959da38e7a8a1ef) Importer(815301076,1909f56bfc062723c751e8b465ee728b)  -> (artifact id: '2649bf4ace9e27e645fa9fb60896adcf') in 0.029744 seconds
Number of updated asset objects reloaded before import = 0
Number of asset objects unloaded after import = 8
========================================================================
Received Import Request.
  Time since last request: 0.000025 seconds.
  path: Assets/Low Poly Simple Urban City 3D Asset Pack/Models/Vehicles/Emergency_Vehicles/Gas_Truck.fbx
  artifactKey: Guid(d3f07f9b3e3a7bd4fae14395a869310c) Importer(815301076,1909f56bfc062723c751e8b465ee728b)
Start importing Assets/Low Poly Simple Urban City 3D Asset Pack/Models/Vehicles/Emergency_Vehicles/Gas_Truck.fbx using Guid(d3f07f9b3e3a7bd4fae14395a869310c) Importer(815301076,1909f56bfc062723c751e8b465ee728b)  -> (artifact id: '711c90da44243e06d171b75a43eacd15') in 0.031057 seconds
Number of updated asset objects reloaded before import = 0
Number of asset objects unloaded after import = 8
========================================================================
Received Import Request.
  Time since last request: 0.000022 seconds.
  path: Assets/Low Poly Simple Urban City 3D Asset Pack/Models/Vehicles/Emergency_Vehicles/Taxi.fbx
  artifactKey: Guid(565953ce171382e47846839991f5a76a) Importer(815301076,1909f56bfc062723c751e8b465ee728b)
Start importing Assets/Low Poly Simple Urban City 3D Asset Pack/Models/Vehicles/Emergency_Vehicles/Taxi.fbx using Guid(565953ce171382e47846839991f5a76a) Importer(815301076,1909f56bfc062723c751e8b465ee728b)  -> (artifact id: '08b21738dfff13f10cbeddfaff8fbc4e') in 0.028274 seconds
Number of updated asset objects reloaded before import = 0
Number of asset objects unloaded after import = 8
========================================================================
Received Import Request.
  Time since last request: 156.734916 seconds.
  path: Assets/Low Poly Simple Urban City 3D Asset Pack/Prefabs/Vehicles
  artifactKey: Guid(a36e33884fefdbf41bca44a52019684d) Importer(815301076,1909f56bfc062723c751e8b465ee728b)
Start importing Assets/Low Poly Simple Urban City 3D Asset Pack/Prefabs/Vehicles using Guid(a36e33884fefdbf41bca44a52019684d) Importer(815301076,1909f56bfc062723c751e8b465ee728b)  -> (artifact id: '42e8e3a651e66ca9529556468f548d0e') in 0.000676 seconds
Number of updated asset objects reloaded before import = 0
Number of asset objects unloaded after import = 0
========================================================================
Received Import Request.
  Time since last request: 0.703081 seconds.
  path: Assets/Low Poly Simple Urban City 3D Asset Pack/Prefabs/Vehicles/Buses
  artifactKey: Guid(e3012466e2407a340a1b6c43d9fcb6df) Importer(815301076,1909f56bfc062723c751e8b465ee728b)
Start importing Assets/Low Poly Simple Urban City 3D Asset Pack/Prefabs/Vehicles/Buses using Guid(e3012466e2407a340a1b6c43d9fcb6df) Importer(815301076,1909f56bfc062723c751e8b465ee728b)  -> (artifact id: '9452ca94fc01e8c1bd1ecacb4b4f0be8') in 0.000893 seconds
Number of updated asset objects reloaded before import = 0
Number of asset objects unloaded after import = 0
========================================================================
Received Import Request.
  Time since last request: 0.039720 seconds.
  path: Assets/Low Poly Simple Urban City 3D Asset Pack/Prefabs/Vehicles/Buses/Bus_1.prefab
  artifactKey: Guid(7982fc080c354a942b3561f445489e11) Importer(815301076,1909f56bfc062723c751e8b465ee728b)
Start importing Assets/Low Poly Simple Urban City 3D Asset Pack/Prefabs/Vehicles/Buses/Bus_1.prefab using Guid(7982fc080c354a942b3561f445489e11) Importer(815301076,1909f56bfc062723c751e8b465ee728b)  -> (artifact id: '3af1a979115b196eb60fe95202d2d4e5') in 0.002560 seconds
Number of updated asset objects reloaded before import = 0
Number of asset objects unloaded after import = 6
========================================================================
Received Import Request.
  Time since last request: 0.000084 seconds.
  path: Assets/Low Poly Simple Urban City 3D Asset Pack/Prefabs/Vehicles/Buses/Bus_3.prefab
  artifactKey: Guid(16e5566b784ba1c40bc0e9fe3306319c) Importer(815301076,1909f56bfc062723c751e8b465ee728b)
Start importing Assets/Low Poly Simple Urban City 3D Asset Pack/Prefabs/Vehicles/Buses/Bus_3.prefab using Guid(16e5566b784ba1c40bc0e9fe3306319c) Importer(815301076,1909f56bfc062723c751e8b465ee728b)  -> (artifact id: 'a37486aae0806e8d41e5536397e94bb3') in 0.002340 seconds
Number of updated asset objects reloaded before import = 0
Number of asset objects unloaded after import = 6
========================================================================
Received Import Request.
  Time since last request: 18.694545 seconds.
  path: Assets/Low Poly Simple Urban City 3D Asset Pack/Prefabs/Vehicles/Cars/Car_1_1.prefab
  artifactKey: Guid(e1d32747d09c9db4ebaeb409cbf1a9d1) Importer(815301076,1909f56bfc062723c751e8b465ee728b)
Start importing Assets/Low Poly Simple Urban City 3D Asset Pack/Prefabs/Vehicles/Cars/Car_1_1.prefab using Guid(e1d32747d09c9db4ebaeb409cbf1a9d1) Importer(815301076,1909f56bfc062723c751e8b465ee728b)  -> (artifact id: '18abebaa9f8573359c3e2c6464d70790') in 0.002399 seconds
Number of updated asset objects reloaded before import = 0
Number of asset objects unloaded after import = 6
========================================================================
Received Import Request.
  Time since last request: 0.012291 seconds.
  path: Assets/Low Poly Simple Urban City 3D Asset Pack/Prefabs/Vehicles/Cars/Car_2_1.prefab
  artifactKey: Guid(f59b89dd3a405be4f8c5d373aa147948) Importer(815301076,1909f56bfc062723c751e8b465ee728b)
Start importing Assets/Low Poly Simple Urban City 3D Asset Pack/Prefabs/Vehicles/Cars/Car_2_1.prefab using Guid(f59b89dd3a405be4f8c5d373aa147948) Importer(815301076,1909f56bfc062723c751e8b465ee728b)  -> (artifact id: '0f7f2f3c48ed506033f07fabc1e6fe2d') in 0.002346 seconds
Number of updated asset objects reloaded before import = 0
Number of asset objects unloaded after import = 6
========================================================================
Received Import Request.
  Time since last request: 0.000035 seconds.
  path: Assets/Low Poly Simple Urban City 3D Asset Pack/Prefabs/Vehicles/Cars/Car_3_3.prefab
  artifactKey: Guid(435ae831f8edd784ebf701f5cfb58d60) Importer(815301076,1909f56bfc062723c751e8b465ee728b)
Start importing Assets/Low Poly Simple Urban City 3D Asset Pack/Prefabs/Vehicles/Cars/Car_3_3.prefab using Guid(435ae831f8edd784ebf701f5cfb58d60) Importer(815301076,1909f56bfc062723c751e8b465ee728b)  -> (artifact id: 'f567204ea20fb4cd9a353e9ab274646b') in 0.001860 seconds
Number of updated asset objects reloaded before import = 0
Number of asset objects unloaded after import = 6
========================================================================
Received Import Request.
  Time since last request: 0.000020 seconds.
  path: Assets/Low Poly Simple Urban City 3D Asset Pack/Prefabs/Vehicles/Cars/Car_3_2.prefab
  artifactKey: Guid(9dce1e39a16300c449250e82a5c0de0e) Importer(815301076,1909f56bfc062723c751e8b465ee728b)
Start importing Assets/Low Poly Simple Urban City 3D Asset Pack/Prefabs/Vehicles/Cars/Car_3_2.prefab using Guid(9dce1e39a16300c449250e82a5c0de0e) Importer(815301076,1909f56bfc062723c751e8b465ee728b)  -> (artifact id: 'ca15b4b444486c41cd48d3685b691088') in 0.002063 seconds
Number of updated asset objects reloaded before import = 0
Number of asset objects unloaded after import = 6
========================================================================
Received Import Request.
  Time since last request: 0.000022 seconds.
  path: Assets/Low Poly Simple Urban City 3D Asset Pack/Prefabs/Vehicles/Cars/Car_2_2.prefab
  artifactKey: Guid(5f791b112f181e74784456343b4aa5ec) Importer(815301076,1909f56bfc062723c751e8b465ee728b)
Start importing Assets/Low Poly Simple Urban City 3D Asset Pack/Prefabs/Vehicles/Cars/Car_2_2.prefab using Guid(5f791b112f181e74784456343b4aa5ec) Importer(815301076,1909f56bfc062723c751e8b465ee728b)  -> (artifact id: '6d4b46ad7c85df030ff2bf92bb822b6e') in 0.002188 seconds
Number of updated asset objects reloaded before import = 0
Number of asset objects unloaded after import = 6
========================================================================
Received Import Request.
  Time since last request: 45.860897 seconds.
  path: Assets/Prefabs/Obstacle/Low Poly Simple Urban City 3D Asset Pack
  artifactKey: Guid(b4642e50044a84342b9111fd488a5892) Importer(815301076,1909f56bfc062723c751e8b465ee728b)
Start importing Assets/Prefabs/Obstacle/Low Poly Simple Urban City 3D Asset Pack using Guid(b4642e50044a84342b9111fd488a5892) Importer(815301076,1909f56bfc062723c751e8b465ee728b)  -> (artifact id: '4584c696e43d1fee478b8fc6ea77a875') in 0.000704 seconds
Number of updated asset objects reloaded before import = 0
Number of asset objects unloaded after import = 0
========================================================================
Received Import Request.
  Time since last request: 25.517401 seconds.
  path: Assets/Low Poly Simple Urban City 3D Asset Pack/Prefabs
  artifactKey: Guid(d071b74f70a5acf4f95e7707679f90dd) Importer(815301076,1909f56bfc062723c751e8b465ee728b)
Start importing Assets/Low Poly Simple Urban City 3D Asset Pack/Prefabs using Guid(d071b74f70a5acf4f95e7707679f90dd) Importer(815301076,1909f56bfc062723c751e8b465ee728b)  -> (artifact id: '94051c62f6a745b4bcf8ce685ae154f3') in 0.000608 seconds
Number of updated asset objects reloaded before import = 0
Number of asset objects unloaded after import = 0
========================================================================
Received Import Request.
  Time since last request: 0.734865 seconds.
  path: Assets/Low Poly Simple Urban City 3D Asset Pack/Prefabs/Buildings
  artifactKey: Guid(2ca84a2c7ef128a4e8dd01fd6ccc4cd1) Importer(815301076,1909f56bfc062723c751e8b465ee728b)
Start importing Assets/Low Poly Simple Urban City 3D Asset Pack/Prefabs/Buildings using Guid(2ca84a2c7ef128a4e8dd01fd6ccc4cd1) Importer(815301076,1909f56bfc062723c751e8b465ee728b)  -> (artifact id: '5067f80b907659e92bf06b0adeb425c0') in 0.000516 seconds
Number of updated asset objects reloaded before import = 0
Number of asset objects unloaded after import = 0
========================================================================
Received Import Request.
  Time since last request: 0.049316 seconds.
  path: Assets/Low Poly Simple Urban City 3D Asset Pack/Prefabs/Buildings/Building_1.prefab
  artifactKey: Guid(360d5822e57359447b9ce3d8a3b37532) Importer(815301076,1909f56bfc062723c751e8b465ee728b)
Start importing Assets/Low Poly Simple Urban City 3D Asset Pack/Prefabs/Buildings/Building_1.prefab using Guid(360d5822e57359447b9ce3d8a3b37532) Importer(815301076,1909f56bfc062723c751e8b465ee728b)  -> (artifact id: '460227f87850be3d5283397b80e3af7c') in 0.019032 seconds
Number of updated asset objects reloaded before import = 0
Number of asset objects unloaded after import = 14
========================================================================
Received Import Request.
  Time since last request: 0.003106 seconds.
  path: Assets/Low Poly Simple Urban City 3D Asset Pack/Prefabs/Buildings/Building_4.prefab
  artifactKey: Guid(0ff0f5c3302eee844945115bfe13f943) Importer(815301076,1909f56bfc062723c751e8b465ee728b)
Start importing Assets/Low Poly Simple Urban City 3D Asset Pack/Prefabs/Buildings/Building_4.prefab using Guid(0ff0f5c3302eee844945115bfe13f943) Importer(815301076,1909f56bfc062723c751e8b465ee728b)  -> (artifact id: '7d58b23ad519da84607287cbb7ddd7ae') in 0.023539 seconds
Number of updated asset objects reloaded before import = 0
Number of asset objects unloaded after import = 14
========================================================================
Received Import Request.
  Time since last request: 0.000040 seconds.
  path: Assets/Low Poly Simple Urban City 3D Asset Pack/Prefabs/Buildings/Building_5.prefab
  artifactKey: Guid(99420a4e47be02047983a8de78548f17) Importer(815301076,1909f56bfc062723c751e8b465ee728b)
Start importing Assets/Low Poly Simple Urban City 3D Asset Pack/Prefabs/Buildings/Building_5.prefab using Guid(99420a4e47be02047983a8de78548f17) Importer(815301076,1909f56bfc062723c751e8b465ee728b)  -> (artifact id: '193ac0a6e66bb300ab80b9756c889d9e') in 0.021971 seconds
Number of updated asset objects reloaded before import = 0
Number of asset objects unloaded after import = 14
========================================================================
Received Import Request.
  Time since last request: 0.000033 seconds.
  path: Assets/Low Poly Simple Urban City 3D Asset Pack/Prefabs/Buildings/Building_9.prefab
  artifactKey: Guid(a824f9a62caf9c54a9458419d6dcbbe8) Importer(815301076,1909f56bfc062723c751e8b465ee728b)
Start importing Assets/Low Poly Simple Urban City 3D Asset Pack/Prefabs/Buildings/Building_9.prefab using Guid(a824f9a62caf9c54a9458419d6dcbbe8) Importer(815301076,1909f56bfc062723c751e8b465ee728b)  -> (artifact id: '51a6381c1e9fd58a8e2580dc9ddc7054') in 0.022249 seconds
Number of updated asset objects reloaded before import = 0
Number of asset objects unloaded after import = 14
========================================================================
Received Import Request.
  Time since last request: 0.000031 seconds.
  path: Assets/Low Poly Simple Urban City 3D Asset Pack/Prefabs/Buildings/Building_3.prefab
  artifactKey: Guid(7497d6b5522b3ef4c975da4d035b26ae) Importer(815301076,1909f56bfc062723c751e8b465ee728b)
Start importing Assets/Low Poly Simple Urban City 3D Asset Pack/Prefabs/Buildings/Building_3.prefab using Guid(7497d6b5522b3ef4c975da4d035b26ae) Importer(815301076,1909f56bfc062723c751e8b465ee728b)  -> (artifact id: 'a7fed9358cb28fd24ba0f4d865104e31') in 0.019213 seconds
Number of updated asset objects reloaded before import = 0
Number of asset objects unloaded after import = 14
========================================================================
Received Import Request.
  Time since last request: 0.000043 seconds.
  path: Assets/Low Poly Simple Urban City 3D Asset Pack/Prefabs/Buildings/Building_8.prefab
  artifactKey: Guid(8bd38d3f078dafe41b6d7699c405ac4c) Importer(815301076,1909f56bfc062723c751e8b465ee728b)
Start importing Assets/Low Poly Simple Urban City 3D Asset Pack/Prefabs/Buildings/Building_8.prefab using Guid(8bd38d3f078dafe41b6d7699c405ac4c) Importer(815301076,1909f56bfc062723c751e8b465ee728b)  -> (artifact id: 'ff8201d2541f6a50380e1e952076c03e') in 0.023371 seconds
Number of updated asset objects reloaded before import = 0
Number of asset objects unloaded after import = 14
========================================================================
Received Import Request.
  Time since last request: 0.000022 seconds.
  path: Assets/Low Poly Simple Urban City 3D Asset Pack/Prefabs/Buildings/Building_6.prefab
  artifactKey: Guid(0fdb1dadc44702f499b648f9f11bcf9b) Importer(815301076,1909f56bfc062723c751e8b465ee728b)
Start importing Assets/Low Poly Simple Urban City 3D Asset Pack/Prefabs/Buildings/Building_6.prefab using Guid(0fdb1dadc44702f499b648f9f11bcf9b) Importer(815301076,1909f56bfc062723c751e8b465ee728b)  -> (artifact id: 'ab12aeaeb7ce099d776206f0675c17ca') in 0.020416 seconds
Number of updated asset objects reloaded before import = 0
Number of asset objects unloaded after import = 14
========================================================================
Received Import Request.
  Time since last request: 0.000037 seconds.
  path: Assets/Low Poly Simple Urban City 3D Asset Pack/Prefabs/Buildings/Building_7.prefab
  artifactKey: Guid(7204a8d4c276a2744a178cde0344b774) Importer(815301076,1909f56bfc062723c751e8b465ee728b)
Start importing Assets/Low Poly Simple Urban City 3D Asset Pack/Prefabs/Buildings/Building_7.prefab using Guid(7204a8d4c276a2744a178cde0344b774) Importer(815301076,1909f56bfc062723c751e8b465ee728b)  -> (artifact id: 'd405dc93129f452ad6d943dce83de5a4') in 0.018916 seconds
Number of updated asset objects reloaded before import = 0
Number of asset objects unloaded after import = 14
========================================================================
Received Prepare
Begin MonoManager ReloadAssembly
- Loaded All Assemblies, in  0.498 seconds
Refreshing native plugins compatible for Editor in 3.68 ms, found 3 plugins.
Native extension for WindowsStandalone target not found
Native extension for WebGL target not found
[Package Manager] Server::EnsureServerProcessIsRunning -- launch failed, reason: Unity was launched with the -noUpm command-line argument
[Package Manager] UpmClient::Send -- Unable to send message (not connected to UPM process).
[Package Manager] Cannot connect to Unity Package Manager local server
Mono: successfully reloaded assembly
- Finished resetting the current domain, in  1.366 seconds
Domain Reload Profiling: 1862ms
	BeginReloadAssembly (172ms)
		ExecutionOrderSort (0ms)
		DisableScriptedObjects (5ms)
		BackupInstance (0ms)
		ReleaseScriptingObjects (0ms)
		CreateAndSetChildDomain (47ms)
	RebuildCommonClasses (35ms)
	RebuildNativeTypeToScriptingClass (12ms)
	initialDomainReloadingComplete (32ms)
	LoadAllAssembliesAndSetupDomain (244ms)
		LoadAssemblies (309ms)
		RebuildTransferFunctionScriptingTraits (0ms)
		AnalyzeDomain (17ms)
			TypeCache.Refresh (7ms)
				TypeCache.ScanAssembly (0ms)
			ScanForSourceGeneratedMonoScriptInfo (0ms)
			ResolveRequiredComponents (8ms)
	FinalizeReload (1367ms)
		ReleaseScriptCaches (0ms)
		RebuildScriptCaches (0ms)
		SetupLoadedEditorAssemblies (683ms)
			LogAssemblyErrors (0ms)
			InitializePlatformSupportModulesInManaged (11ms)
			SetLoadedEditorAssemblies (7ms)
			RefreshPlugins (0ms)
			BeforeProcessingInitializeOnLoad (80ms)
			ProcessInitializeOnLoadAttributes (546ms)
			ProcessInitializeOnLoadMethodAttributes (29ms)
			AfterProcessingInitializeOnLoad (11ms)
			EditorAssembliesLoaded (0ms)
		ExecutionOrderSort2 (0ms)
		AwakeInstancesAfterBackupRestoration (10ms)
Refreshing native plugins compatible for Editor in 4.40 ms, found 3 plugins.
Preloading 0 native plugins for Editor in 0.00 ms.
Unloading 3092 Unused Serialized files (Serialized files now loaded: 0)
Unloading 23 unused Assets / (31.0 KB). Loaded Objects now: 3625.
Memory consumption went from 132.2 MB to 132.2 MB.
Total: 4.997900 ms (FindLiveObjects: 0.782100 ms CreateObjectMapping: 0.381800 ms MarkObjects: 3.772100 ms  DeleteObjects: 0.060300 ms)

Prepare: number of updated asset objects reloaded= 0
AssetImportParameters requested are different than current active one (requested -> active):
  custom:container-demuxer-ogg: 62fdf1f143b41e24485cea50d1cbac27 -> 
  custom:video-codec-MediaFoundation-h265: 746d11721c4dcdbdad8f713fa42b33f4 -> 
  custom:video-decoder-ogg-theora: a1e56fd34408186e4bbccfd4996cb3dc -> 
  custom:framework-win-MediaFoundation: 216162199b28c13a410421893ffa2e32 -> 
  custom:CustomObjectIndexerAttribute: 756ad292c208cfabdd7b50bc23989ffe -> 
  custom:container-demuxer-webm: 4f35f7cbe854078d1ac9338744f61a02 -> 
  custom:container-muxer-webm: aa71ff27fc2769a1b78a27578f13a17b -> 
  custom:video-decoder-webm-vp8: 9c59270c3fd7afecdb556c50c9e8de78 -> 
  custom:SearchIndexIgnoredProperties: e643bd26f0fe6173181afceb89e7c659 -> 
  custom:AudioImporter_EditorPlatform: d09bf68614088b80899f8185d706f6e7 -> 
  custom:video-encoder-webm-vp8: eb34c28f22e8b96e1ab97ce403110664 -> 
  custom:audio-decoder-ogg-vorbis: bf7c407c2cedff20999df2af8eb42d56 -> 
  custom:audio-encoder-webm-vorbis: bf7c407c2cedff20999df2af8eb42d56 -> 
========================================================================
Received Import Request.
  Time since last request: 205.888977 seconds.
  path: Assets/Low Poly Simple Urban City 3D Asset Pack/Models/Vehicles/Cars/Car_1_2.fbx
  artifactKey: Guid(51f1152715beffc479574be51b23d625) Importer(815301076,1909f56bfc062723c751e8b465ee728b)
Start importing Assets/Low Poly Simple Urban City 3D Asset Pack/Models/Vehicles/Cars/Car_1_2.fbx using Guid(51f1152715beffc479574be51b23d625) Importer(815301076,1909f56bfc062723c751e8b465ee728b)  -> (artifact id: '065d04c126607d766baa3d7bcb9afc06') in 0.175854 seconds
Number of updated asset objects reloaded before import = 0
Number of asset objects unloaded after import = 9
========================================================================
Received Import Request.
  Time since last request: 0.000064 seconds.
  path: Assets/Low Poly Simple Urban City 3D Asset Pack/Models/Vehicles/Cars/Car_3_1.fbx
  artifactKey: Guid(3d96142ff3be9344fadf194269659785) Importer(815301076,1909f56bfc062723c751e8b465ee728b)
Start importing Assets/Low Poly Simple Urban City 3D Asset Pack/Models/Vehicles/Cars/Car_3_1.fbx using Guid(3d96142ff3be9344fadf194269659785) Importer(815301076,1909f56bfc062723c751e8b465ee728b)  -> (artifact id: 'bdc5c47b96417a572fbc01e9d3ffc45d') in 0.036371 seconds
Number of updated asset objects reloaded before import = 0
Number of asset objects unloaded after import = 9
========================================================================
Received Import Request.
  Time since last request: 0.000030 seconds.
  path: Assets/Low Poly Simple Urban City 3D Asset Pack/Models/Vehicles/Cars/Car_2_3.fbx
  artifactKey: Guid(9728311a5cd638b49b6ef0888d7a049b) Importer(815301076,1909f56bfc062723c751e8b465ee728b)
Start importing Assets/Low Poly Simple Urban City 3D Asset Pack/Models/Vehicles/Cars/Car_2_3.fbx using Guid(9728311a5cd638b49b6ef0888d7a049b) Importer(815301076,1909f56bfc062723c751e8b465ee728b)  -> (artifact id: '160d6ee42234a61423c7e53c432bd818') in 0.035678 seconds
Number of updated asset objects reloaded before import = 0
Number of asset objects unloaded after import = 9
========================================================================
Received Import Request.
  Time since last request: 0.000030 seconds.
  path: Assets/Low Poly Simple Urban City 3D Asset Pack/Models/Vehicles/Cars/Car_3_3.fbx
  artifactKey: Guid(3f7e3b45e3ed82e41935d2113100ee56) Importer(815301076,1909f56bfc062723c751e8b465ee728b)
Start importing Assets/Low Poly Simple Urban City 3D Asset Pack/Models/Vehicles/Cars/Car_3_3.fbx using Guid(3f7e3b45e3ed82e41935d2113100ee56) Importer(815301076,1909f56bfc062723c751e8b465ee728b)  -> (artifact id: '5fcdf2db4a31adce97aaf6319471df56') in 0.030599 seconds
Number of updated asset objects reloaded before import = 0
Number of asset objects unloaded after import = 9
========================================================================
Received Import Request.
  Time since last request: 0.000036 seconds.
  path: Assets/Low Poly Simple Urban City 3D Asset Pack/Models/Vehicles/Cars/Car_2_1.fbx
  artifactKey: Guid(5eac0803a389c9b48aaeedf9a9ac90a5) Importer(815301076,1909f56bfc062723c751e8b465ee728b)
Start importing Assets/Low Poly Simple Urban City 3D Asset Pack/Models/Vehicles/Cars/Car_2_1.fbx using Guid(5eac0803a389c9b48aaeedf9a9ac90a5) Importer(815301076,1909f56bfc062723c751e8b465ee728b)  -> (artifact id: 'e62116d63f3b23992c3c91089a2aaafa') in 0.030761 seconds
Number of updated asset objects reloaded before import = 0
Number of asset objects unloaded after import = 9
Editor requested this worker to shutdown with reason: Scaling down because of idle timeout
TcpMessagingSession - receive error: operation aborted. errorcode: 995, details: L’opération d’entrée/sortie a été abandonnée en raison de l’arrêt d’un thread ou à la demande d’une application.
AssetImportWorker is now disconnected from the server
Process exiting
Exiting without the bug reporter. Application will terminate with return code 0